{
  "RSpec": {
    "coverage": {
      "/home/przemek/Documents/tar/sequence/lib/ciag.rb": [
        1,
        null,
        1,
        35,
        null,
        null,
        1,
        27,
        105,
        null,
        27,
        null,
        null,
        1,
        3,
        1,
        null,
        2,
        null,
        2,
        6,
        1,
        null,
        null,
        1,
        null,
        null,
        null,
        1,
        3,
        1,
        null,
        2,
        null,
        2,
        5,
        1,
        null,
        null,
        1,
        null,
        null,
        null,
        1,
        3,
        1,
        null,
        2,
        null,
        2,
        5,
        1,
        null,
        null,
        1,
        null,
        null,
        null,
        1,
        2,
        2,
        null,
        2,
        1,
        1,
        null,
        1,
        1,
        null,
        null,
        12,
        null,
        null,
        1,
        2,
        2,
        null,
        2,
        1,
        1,
        null,
        1,
        1,
        null,
        null,
        12,
        null,
        null,
        1,
        2,
        2,
        null,
        2,
        1,
        1,
        null,
        1,
        1,
        null,
        null,
        12,
        null,
        null,
        1,
        2,
        8,
        null,
        null,
        2,
        null,
        null,
        1,
        2,
        8,
        null,
        null,
        2,
        null,
        null,
        1,
        7,
        9,
        null,
        7,
        null,
        null,
        null
      ]
    },
    "timestamp": 1416851269
  }
}
